[23:09:26] [ServerMain/INFO]: Environment: Environment[sessionHost=https://sessionserver.mojang.com, servicesHost=https://api.minecraftservices.com, profilesHost=https://api.mojang.com, name=PROD]
[23:09:27] [ServerMain/INFO]: Loaded 1461 recipes
[23:09:27] [ServerMain/INFO]: Loaded 1574 advancements
[23:09:27] [Server thread/INFO]: Starting minecraft server version 1.21.10
[23:09:27] [Server thread/INFO]: Loading properties
[23:09:27] [Server thread/INFO]: Default game type: SURVIVAL
[23:09:27] [Server thread/INFO]: Generating keypair
[23:09:27] [Server thread/INFO]: Starting Minecraft server on *:25565
[23:09:27] [Server thread/INFO]: Using epoll channel type
[23:09:27] [Server thread/WARN]: **** SERVER IS RUNNING IN OFFLINE/INSECURE MODE!
[23:09:27] [Server thread/WARN]: The server will make no attempt to authenticate usernames. Beware.
[23:09:27] [Server thread/WARN]: While this makes the game possible to play without internet access, it also opens up the ability for hackers to connect with any username they choose.
[23:09:27] [Server thread/WARN]: To change this, set "online-mode" to "true" in the server.properties file.
[23:09:27] [Server thread/INFO]: Preparing level "world"
[23:09:27] [Server thread/INFO]: Loading 0 persistent chunks...
[23:09:27] [Server thread/INFO]: Preparing spawn area: 100%
[23:09:27] [Server thread/INFO]: Time elapsed: 11 ms
[23:09:27] [Server thread/INFO]: Done (0.157s)! For help, type "help"
[23:09:39] [Server thread/INFO]: ChillPlayCxC[/186.144.8.165:50547] logged in with entity id 115 at (347.60998743268243, 85.0, -565.1372243850465)
[23:09:39] [Server thread/INFO]: ChillPlayCxC joined the game
[23:09:43] [Server thread/INFO]: DEMIAN1007[/181.52.227.14:61555] logged in with entity id 355 at (346.5, 99.0, -550.5)
[23:09:43] [Server thread/INFO]: DEMIAN1007 joined the game
[23:10:47] [Server thread/INFO]: ViJiX[/186.116.237.170:58350] logged in with entity id 494 at (348.5, 82.0, -561.5)
[23:10:47] [Server thread/INFO]: ViJiX joined the game
[23:11:57] [Server thread/INFO]: JUANKRL[/212.129.78.146:63829] logged in with entity id 682 at (360.5, 85.0, -565.5)
[23:11:57] [Server thread/INFO]: JUANKRL joined the game
[23:12:53] [Server thread/INFO]: Juanquis44[/190.56.113.15:44656] logged in with entity id 879 at (354.5, 83.0, -569.5)
[23:12:53] [Server thread/INFO]: Juanquis44 joined the game
[23:12:56] [Server thread/INFO]: DEMIAN1007 has made the advancement [Stone Age]
[23:13:21] [Server thread/INFO]: DEMIAN1007 has made the advancement [Getting an Upgrade]
[23:14:52] [Server thread/INFO]: ViJiX has made the advancement [Stone Age]
[23:15:03] [Server thread/INFO]: JUANKRL has made the advancement [Stone Age]
[23:15:18] [Server thread/INFO]: ViJiX has made the advancement [Getting an Upgrade]
[23:15:30] [Server thread/INFO]: JUANKRL has made the advancement [Getting an Upgrade]
[23:15:52] [Server thread/INFO]: Juanquis44 has made the advancement [Stone Age]
[23:16:26] [Server thread/INFO]: Juanquis44 has made the advancement [Getting an Upgrade]
[23:16:44] [Server thread/INFO]: ChillPlayCxC has made the advancement [Stone Age]
[23:17:09] [Server thread/INFO]: ChillPlayCxC has made the advancement [Getting an Upgrade]
[23:20:03] [Server thread/INFO]: JUANKRL has made the advancement [Monster Hunter]
[23:21:26] [Server thread/INFO]: DEMIAN1007 has made the advancement [Monster Hunter]
[23:29:38] [Server thread/INFO]: Juanquis44 has made the advancement [Acquire Hardware]
[23:30:12] [Server thread/INFO]: Juanquis44 has made the advancement [Isn't It Iron Pick]
[23:34:19] [Server thread/INFO]: Juanquis44 has made the advancement [Minecraft: Trial(s) Edition]
[23:35:08] [Server thread/INFO]: Juanquis44 has made the advancement [Not Today, Thank You]
[23:36:07] [Server thread/INFO]: DEMIAN1007 has made the advancement [Acquire Hardware]
[23:36:25] [Server thread/INFO]: ChillPlayCxC has made the advancement [Acquire Hardware]
[23:36:28] [Server thread/INFO]: Juanquis44 has made the advancement [Monster Hunter]
[23:36:33] [Server thread/INFO]: ChillPlayCxC has made the advancement [Isn't It Iron Pick]
[23:36:35] [Server thread/INFO]: DEMIAN1007 has made the advancement [Isn't It Iron Pick]
[23:38:58] [Server thread/INFO]: DEMIAN1007 has made the advancement [Suit Up]
[23:41:24] [Server thread/INFO]: Juanquis44 has made the advancement [Under Lock and Key]
[23:45:17] [Server thread/INFO]: ViJiX has made the advancement [Acquire Hardware]
[23:45:26] [Server thread/INFO]: ViJiX has made the advancement [Isn't It Iron Pick]
[23:45:49] [Server thread/INFO]: ChillPlayCxC has made the advancement [Monster Hunter]
[23:46:00] [Server thread/INFO]: ChillPlayCxC has made the advancement [Suit Up]
[23:46:25] [Server thread/INFO]: JUANKRL has made the advancement [Acquire Hardware]
[23:46:42] [Server thread/INFO]: JUANKRL has made the advancement [Isn't It Iron Pick]
[23:46:59] [Server thread/INFO]: Juanquis44 has made the advancement [Suit Up]
[23:47:29] [Server thread/INFO]: JUANKRL lost connection: Timed out
[23:47:29] [Server thread/INFO]: JUANKRL left the game
[23:47:29] [Server thread/WARN]: handleDisconnection() called twice
[23:47:38] [Server thread/INFO]: JUANKRL[/212.129.73.163:8554] logged in with entity id 22031 at (1445.8481339327766, 35.0, -1051.4858961521982)
[23:47:38] [Server thread/INFO]: JUANKRL joined the game
[23:50:38] [Server thread/INFO]: JUANKRL has made the advancement [Suit Up]
[23:51:03] [Server thread/INFO]: ViJiX has made the advancement [Suit Up]
[23:54:08] [Server thread/INFO]: ChillPlayCxC was blown up by Creeper
[23:54:25] [Server thread/INFO]: Juanquis44 has made the advancement [Diamonds!]
[23:55:16] [Server thread/INFO]: Juanquis44 lost connection: Disconnected
[23:55:16] [Server thread/INFO]: Juanquis44 left the game
[23:55:20] [Server thread/INFO]: ViJiX lost connection: Disconnected
[23:55:20] [Server thread/INFO]: ViJiX left the game
[23:55:28] [Server thread/INFO]: ChillPlayCxC lost connection: Disconnected
[23:55:28] [Server thread/INFO]: ChillPlayCxC left the game
[23:55:53] [Server thread/INFO]: JUANKRL lost connection: Disconnected
[23:55:53] [Server thread/INFO]: JUANKRL left the game
[23:57:43] [Server thread/INFO]: DEMIAN1007 lost connection: Disconnected
[23:57:43] [Server thread/INFO]: DEMIAN1007 left the game
